==> ubuntu-16.04-server-amd64: Downloading or copying ISO
    ubuntu-16.04-server-amd64: Downloading or copying: http://releases.ubuntu.com/16.04.2/ubuntu-16.04.2-server-amd64.iso
    ubuntu-16.04-server-amd64: Download progress: 6%
    ubuntu-16.04-server-amd64: Download progress: 13%
    ubuntu-16.04-server-amd64: Download progress: 21%
    ubuntu-16.04-server-amd64: Download progress: 28%
    ubuntu-16.04-server-amd64: Download progress: 35%
    ubuntu-16.04-server-amd64: Download progress: 42%
    ubuntu-16.04-server-amd64: Download progress: 50%
    ubuntu-16.04-server-amd64: Download progress: 57%
    ubuntu-16.04-server-amd64: Download progress: 64%
    ubuntu-16.04-server-amd64: Download progress: 71%
    ubuntu-16.04-server-amd64: Download progress: 77%
    ubuntu-16.04-server-amd64: Download progress: 85%
    ubuntu-16.04-server-amd64: Download progress: 92%
    ubuntu-16.04-server-amd64: Download progress: 98%
    ubuntu-16.04-server-amd64: Download progress: 100%
==> ubuntu-16.04-server-amd64: Creating hard drive...
==> ubuntu-16.04-server-amd64: Starting HTTP server on port 8347
==> ubuntu-16.04-server-amd64: Found port for communicator (SSH, WinRM, etc): 3753.
==> ubuntu-16.04-server-amd64: Looking for available port between 5900 and 6000 on 127.0.0.1
==> ubuntu-16.04-server-amd64: Starting VM, booting from CD-ROM
==> ubuntu-16.04-server-amd64: Overriding defaults Qemu arguments with QemuArgs...
==> ubuntu-16.04-server-amd64: Waiting 2s for boot...
==> ubuntu-16.04-server-amd64: Connecting to VM via VNC
==> ubuntu-16.04-server-amd64: Typing the boot command over VNC...
